#
# A fatal error has been detected by the Java Runtime Environment:
#
#  SIGSEGV (0xb) at pc=0x00007920795c7c80, pid=943901, tid=943902
#
# JRE version: OpenJDK Runtime Environment Temurin-21.0.7+6 (21.0.7+6) (build 21.0.7+6-LTS)
# Java VM: OpenJDK 64-Bit Server VM Temurin-21.0.7+6 (21.0.7+6-LTS, mixed mode, sharing, tiered, compressed oops, compressed class ptrs, g1 gc, linux-amd64)
# Problematic frame:
# V  [libjvm.so+0xdc7c80]  AdapterHandlerLibrary::get_adapter(methodHandle const&)+0xc0
#
# Core dump will be written. Default location: Core dumps may be processed with "/usr/share/apport/apport -p%p -s%s -c%c -d%d -P%P -u%u -g%g -F%F -- %E" (or dumping to /home/raamnathmallya/Documents/Coding/java/core.943901)
#
# If you would like to submit a bug report, please visit:
#   https://github.com/adoptium/adoptium-support/issues
#

---------------  S U M M A R Y ------------

Command Line: -Dapplication.home=/home/raamnathmallya/.vscode/extensions/redhat.java-1.43.1-linux-x64/jre/21.0.7-linux-x86_64 -Xms8m -Djdk.module.main=jdk.jcmd jdk.jcmd/sun.tools.jcmd.JCmd 927527 VM.uptime

Host: Intel(R) Core(TM) i7-9850H CPU @ 2.60GHz, 12 cores, 30G, Ubuntu 24.04.2 LTS
Time: Tue Jul  8 19:34:20 2025 IST elapsed time: 0.119974 seconds (0d 0h 0m 0s)

---------------  T H R E A D  ---------------

Current thread (0x000079207402b4a0):  JavaThread "main"             [_thread_in_vm, id=943902, stack(0x0000792078617000,0x0000792078717000) (1024K)]

Stack: [0x0000792078617000,0x0000792078717000],  sp=0x0000792078714db0,  free space=1015k
Native frames: (J=compiled Java code, j=interpreted, Vv=VM code, C=native code)
V  [libjvm.so+0xdc7c80]  AdapterHandlerLibrary::get_adapter(methodHandle const&)+0xc0
V  [libjvm.so+0xc86dce]  Method::link_method(methodHandle const&, JavaThread*)+0x5e
V  [libjvm.so+0x8e4377]  InstanceKlass::link_methods(JavaThread*)+0x67
V  [libjvm.so+0x8e4622]  InstanceKlass::link_class_impl(JavaThread*)+0x1e2
V  [libjvm.so+0x8ea1bb]  InstanceKlass::initialize_impl(JavaThread*)+0x64b
V  [libjvm.so+0xb8e51a]  LinkResolver::resolve_static_call(CallInfo&, LinkInfo const&, bool, JavaThread*)+0x17a
V  [libjvm.so+0xb8eddb]  LinkResolver::resolve_invoke(CallInfo&, Handle, constantPoolHandle const&, int, Bytecodes::Code, JavaThread*)+0x1fb
V  [libjvm.so+0x9093a7]  InterpreterRuntime::resolve_invoke(JavaThread*, Bytecodes::Code)+0x177
V  [libjvm.so+0x909a75]  InterpreterRuntime::resolve_from_cache(JavaThread*, Bytecodes::Code)+0x105
j  sun.tools.attach.VirtualMachineImpl.getNamespacePid(I)I+37 jdk.attach@21.0.7
j  sun.tools.attach.VirtualMachineImpl.<init>(Lcom/sun/tools/attach/spi/AttachProvider;Ljava/lang/String;)V+32 jdk.attach@21.0.7
j  sun.tools.attach.AttachProviderImpl.attachVirtualMachine(Ljava/lang/String;)Lcom/sun/tools/attach/VirtualMachine;+15 jdk.attach@21.0.7
j  com.sun.tools.attach.VirtualMachine.attach(Ljava/lang/String;)Lcom/sun/tools/attach/VirtualMachine;+69 jdk.attach@21.0.7
j  sun.tools.jcmd.JCmd.executeCommandForPid(Ljava/lang/String;Ljava/lang/String;)V+1 jdk.jcmd@21.0.7
j  sun.tools.jcmd.JCmd.main([Ljava/lang/String;)V+255 jdk.jcmd@21.0.7
v  ~StubRoutines::call_stub 0x0000792069337cc6
V  [libjvm.so+0x911545]  JavaCalls::call_helper(JavaValue*, methodHandle const&, JavaCallArguments*, JavaThread*)+0x2e5
V  [libjvm.so+0x9bb6d0]  jni_invoke_static(JNIEnv_*, JavaValue*, _jobject*, JNICallType, _jmethodID*, JNI_ArgumentPusher*, JavaThread*) [clone .constprop.1]+0x390
V  [libjvm.so+0x9be5b7]  jni_CallStaticVoidMethod+0x167
C  [libjli.so+0xa6d4]  JavaMain+0x1054
C  [libjli.so+0xd259]  ThreadJavaMain+0x9
C  [libc.so.6+0x9caa4]
Java frames: (J=compiled Java code, j=interpreted, Vv=VM code)
j  sun.tools.attach.VirtualMachineImpl.getNamespacePid(I)I+37 jdk.attach@21.0.7
j  sun.tools.attach.VirtualMachineImpl.<init>(Lcom/sun/tools/attach/spi/AttachProvider;Ljava/lang/String;)V+32 jdk.attach@21.0.7
j  sun.tools.attach.AttachProviderImpl.attachVirtualMachine(Ljava/lang/String;)Lcom/sun/tools/attach/VirtualMachine;+15 jdk.attach@21.0.7
j  com.sun.tools.attach.VirtualMachine.attach(Ljava/lang/String;)Lcom/sun/tools/attach/VirtualMachine;+69 jdk.attach@21.0.7
j  sun.tools.jcmd.JCmd.executeCommandForPid(Ljava/lang/String;Ljava/lang/String;)V+1 jdk.jcmd@21.0.7
j  sun.tools.jcmd.JCmd.main([Ljava/lang/String;)V+255 jdk.jcmd@21.0.7
v  ~StubRoutines::call_stub 0x0000792069337cc6

siginfo: si_signo: 11 (SIGSEGV), si_code: 2 (SEGV_ACCERR), si_addr: 0x0000791fdf86b3f0

Registers:
RAX=0x0000791fff86e840, RBX=0x000079207402bba0, RCX=0x0000791fdf869e20, RDX=0x0000000000000000
RSP=0x0000792078714db0, RBP=0x0000792078714ed0, RSI=0x0000000000001999, RDI=0x00000000000002b1
R8 =0x0000791fff1f16c8, R9 =0x0000000000000003, R10=0x0000000000000000, R11=0x0000000000000001
R12=0x0000000000000002, R13=0x0000000000000008, R14=0x0000000000000008, R15=0x0000000000000000
RIP=0x00007920795c7c80, EFLAGS=0x0000000000010246, CSGSFS=0x002b000000000033, ERR=0x0000000000000004
  TRAPNO=0x000000000000000e

XMM[0]=0x000079207402bbf0 0x000079207402bbe0
XMM[1]=0x0000000000000000 0x000079207402b4a0
XMM[2]=0x0000000000000000 0x000079207402d904
XMM[3]=0x0000000000000000 0x0000792078715269
XMM[4]=0x0000000000000000 0x00007920740a2010
XMM[5]=0x0000000000000000 0x000079207402b4a0
XMM[6]=0x0101010101010101 0x0101010101010101
XMM[7]=0x0000000000000000 0x000079207402b4a0
XMM[8]=0x3a1c00b6211200c0 0x0519053a1900b42a
XMM[9]=0x0000000000000000 0xffff000000000000
XMM[10]=0x0000000000000000 0x0000000000000000
XMM[11]=0x0000000000000000 0x9999999999999999
XMM[12]=0x0000000000000000 0x2020202020202020
XMM[13]=0x0000000000000000 0x0000000000000000
XMM[14]=0x0000000000000000 0x0000000000000000
XMM[15]=0x0000000000000000 0x0000000000000000
  MXCSR=0x00001fa2


Register to memory mapping:

RAX=0x0000791fff86e840 is pointing into metadata
RBX=0x000079207402bba0 points into unknown readable memory: 0x0000792074000502 | 02 05 00 74 20 79 00 00
RCX=0x0000791fdf869e20 is an unknown value
RDX=0x0 is null
RSP=0x0000792078714db0 is pointing into the stack for thread: 0x000079207402b4a0
RBP=0x0000792078714ed0 is pointing into the stack for thread: 0x000079207402b4a0
RSI=0x0000000000001999 is an unknown value
RDI=0x00000000000002b1 is an unknown value
R8 ={method} {0x0000791fff1f16c8} 
[error occurred during error reporting (printing register info), id 0xb, SIGSEGV (0xb) at pc=0x0000792079484410]
R9 =0x0000000000000003 is an unknown value
R10=0x0 is null
R11=0x0000000000000001 is an unknown value
R12=0x0000000000000002 is an unknown value
R13=0x0000000000000008 is an unknown value
R14=0x0000000000000008 is an unknown value
R15=0x0 is null

Top of Stack: (sp=0x0000792078714db0)
0x0000792078714db0:   0000792078715680 00000000000003d8
0x0000792078714dc0:   000079207402bbe0 000079207402bbf0
0x0000792078714dd0:   000079207402bfc8 000079207402bbf0
0x0000792078714de0:   000079207402bbe0 0000000100000000
0x0000792078714df0:   0000792078714f40 0000000000000000
0x0000792078714e00:   000000000000bbbb 0000792000000000
0x0000792078714e10:   0000791fffffffff 0000791fff484cf8
0x0000792078714e20:   0000791fff013d48 0000000000000000
0x0000792078714e30:   0000791fff566088 000000000000000c
0x0000792078714e40:   00000000001b9999 0000000c0000000c
0x0000792078714e50:   0000000d0000000c 00007920741a5f00
0x0000792078714e60:   0000792078714eb0 0000792079390a2b
0x0000792078714e70:   0000000000000010 0000000000000000
0x0000792078714e80:   0000792078714ec0 0000792078714e48
0x0000792078714e90:   0000791f00000004 0000792078714f20
0x0000792078714ea0:   0000792078714ed0 0000791fff1f16c8
0x0000792078714eb0:   0000792078714f20 000079207402b4a0
0x0000792078714ec0:   0000000000000008 0000791fff1edaa8
0x0000792078714ed0:   0000792078714f00 0000792079486dce
0x0000792078714ee0:   0000000000000220 000079207402b4a0
0x0000792078714ef0:   0000792078714f20 0000000000000008
0x0000792078714f00:   0000792078714f60 00007920790e4377
0x0000792078714f10:   0000792078714f20 0000792079eec96d
0x0000792078714f20:   0000791fff1f16c8 000079207402b4a0
0x0000792078714f30:   0000000000014426 000079207402c028
0x0000792078714f40:   000079207402b4a0 0000791fff1edaa8
0x0000792078714f50:   0000792078714fc0 0000792078715000
0x0000792078714f60:   0000792078715080 00007920790e4622
0x0000792078714f70:   000000000000000e 0000792078714f80
0x0000792078714f80:   000079207402b4a0 000079207402c028
0x0000792078714f90:   0000000000000001 0000792078714fd0
0x0000792078714fa0:   0000792078714fc0 000079207966f5d0 

Instructions: (pc=0x00007920795c7c80)
0x00007920795c7b80:   42 8b 14 bb e9 26 ff ff ff 0f 1f 80 00 00 00 00
0x00007920795c7b90:   8b 13 e9 5a fe ff ff 66 0f 1f 84 00 00 00 00 00
0x00007920795c7ba0:   8b 53 08 e9 ac fe ff ff 0f 1f 84 00 00 00 00 00
0x00007920795c7bb0:   8b 53 0c e9 c6 fe ff ff e8 53 ac 4d ff 90 66 90
0x00007920795c7bc0:   55 48 89 e5 41 57 41 56 41 55 41 54 53 48 81 ec
0x00007920795c7bd0:   f8 00 00 00 e8 d7 a0 ff ff 49 89 c7 48 85 c0 74
0x00007920795c7be0:   1f 48 81 c4 f8 00 00 00 4c 89 f8 5b 41 5c 41 5d
0x00007920795c7bf0:   41 5e 41 5f 5d c3 66 2e 0f 1f 84 00 00 00 00 00
0x00007920795c7c00:   49 89 fc 66 48 8d 3d b5 b7 71 00 66 66 48 e8 8d
0x00007920795c7c10:   ab 4d ff 49 8b 14 24 48 c7 85 28 ff ff ff 00 00
0x00007920795c7c20:   00 00 44 8b 6a 28 41 83 e5 08 48 8b 00 48 8b 98
0x00007920795c7c30:   18 03 00 00 48 8b 43 20 f3 0f 6f 43 10 48 89 85
0x00007920795c7c40:   00 ff ff ff 48 8b 43 28 0f 29 85 f0 fe ff ff 48
0x00007920795c7c50:   89 85 e8 fe ff ff 48 8b 42 08 0f 17 85 08 ff ff
0x00007920795c7c60:   ff 48 8b 10 48 8b 48 08 66 0f d6 85 10 ff ff ff
0x00007920795c7c70:   0f b7 78 26 44 0f b7 60 2e 48 c1 ea 20 48 8b 30
0x00007920795c7c80:   48 8b 7c f9 48 b9 00 00 00 80 45 89 e6 48 39 ca
0x00007920795c7c90:   0f 84 54 06 00 00 85 f6 0f 84 4c 06 00 00 48 8b
0x00007920795c7ca0:   30 48 89 bd 60 ff ff ff c7 85 68 ff ff ff 63 00
0x00007920795c7cb0:   00 00 48 c7 85 70 ff ff ff 00 00 00 00 48 85 f6
0x00007920795c7cc0:   74 0c 48 8d bd 60 ff ff ff e8 f2 75 0a 00 c7 45
0x00007920795c7cd0:   c0 00 00 00 00 48 8d 85 78 ff ff ff 41 83 fc 10
0x00007920795c7ce0:   0f 8f 92 06 00 00 48 89 45 b8 45 85 ed 75 11 48
0x00007920795c7cf0:   63 55 c0 8d 4a 01 89 4d c0 c7 04 90 0c 00 00 00
0x00007920795c7d00:   48 8b 8d 70 ff ff ff 48 8d 41 ff 48 83 f8 fd 0f
0x00007920795c7d10:   86 0c 06 00 00 48 8b b5 60 ff ff ff 4c 8d ad 30
0x00007920795c7d20:   ff ff ff ba 01 00 00 00 4c 89 ef e8 b0 76 0a 00
0x00007920795c7d30:   83 bd 4c ff ff ff 03 74 50 0f 1f 80 00 00 00 00
0x00007920795c7d40:   48 63 55 c0 8b 85 48 ff ff ff 8d 4a 01 89 4d c0
0x00007920795c7d50:   48 8b 4d b8 89 04 91 83 e8 07 83 e0 fb 0f 85 05
0x00007920795c7d60:   03 00 00 48 63 45 c0 4c 89 ef 8d 50 01 89 55 c0
0x00007920795c7d70:   48 8b 55 b8 c7 04 82 0e 00 00 00 e8 90 78 0a 00 


Stack slot to memory mapping:

stack at sp + 0 slots: 0x0000792078715680 is pointing into the stack for thread: 0x000079207402b4a0
stack at sp + 1 slots: 0x00000000000003d8 is an unknown value
stack at sp + 2 slots: 0x000079207402bbe0 points into unknown readable memory: 0x0000000000000000 | 00 00 00 00 00 00 00 00
stack at sp + 3 slots: 0x000079207402bbf0 points into unknown readable memory: 0x6f696e2f6176616a | 6a 61 76 61 2f 6e 69 6f
stack at sp + 4 slots: 0x000079207402bfc8 points into unknown readable memory: 0x0000000000000045 | 45 00 00 00 00 00 00 00
stack at sp + 5 slots: 0x000079207402bbf0 points into unknown readable memory: 0x6f696e2f6176616a | 6a 61 76 61 2f 6e 69 6f
stack at sp + 6 slots: 0x000079207402bbe0 points into unknown readable memory: 0x0000000000000000 | 00 00 00 00 00 00 00 00
stack at sp + 7 slots: 0x0000000100000000 is an unknown value


---------------  P R O C E S S  ---------------

Threads class SMR info:
_java_thread_list=0x0000791fd40c86e0, length=11, elements={
0x000079207402b4a0, 0x00007920740cdc30, 0x00007920740cf190, 0x00007920740d0910,
0x00007920740d1f40, 0x00007920740d34d0, 0x00007920740d5000, 0x00007920740d66b0,
0x000079207410a690, 0x0000792074114260, 0x0000791fd40c7550
}

Java Threads: ( => current thread )
=>0x000079207402b4a0 JavaThread "main"                              [_thread_in_vm, id=943902, stack(0x0000792078617000,0x0000792078717000) (1024K)]
  0x00007920740cdc30 JavaThread "Reference Handler"          daemon [_thread_blocked, id=943916, stack(0x000079205460a000,0x000079205470a000) (1024K)]
  0x00007920740cf190 JavaThread "Finalizer"                  daemon [_thread_blocked, id=943917, stack(0x000079205450a000,0x000079205460a000) (1024K)]
  0x00007920740d0910 JavaThread "Signal Dispatcher"          daemon [_thread_blocked, id=943918, stack(0x000079205440a000,0x000079205450a000) (1024K)]
  0x00007920740d1f40 JavaThread "Service Thread"             daemon [_thread_blocked, id=943919, stack(0x000079205430a000,0x000079205440a000) (1024K)]
  0x00007920740d34d0 JavaThread "Monitor Deflation Thread"   daemon [_thread_blocked, id=943920, stack(0x000079205420a000,0x000079205430a000) (1024K)]
  0x00007920740d5000 JavaThread "C2 CompilerThread0"         daemon [_thread_in_native, id=943921, stack(0x000079205410a000,0x000079205420a000) (1024K)]
  0x00007920740d66b0 JavaThread "C1 CompilerThread0"         daemon [_thread_blocked, id=943922, stack(0x000079205400a000,0x000079205410a000) (1024K)]
  0x000079207410a690 JavaThread "Notification Thread"        daemon [_thread_blocked, id=943926, stack(0x0000791ffef00000,0x0000791fff000000) (1024K)]
  0x0000792074114260 JavaThread "Common-Cleaner"             daemon [_thread_blocked, id=943927, stack(0x0000791ffee00000,0x0000791ffef00000) (1024K)]
  0x0000791fd40c7550 JavaThread "C2 CompilerThread1"         daemon [_thread_in_native, id=943928, stack(0x0000791ffed00000,0x0000791ffee00000) (1024K)]
Total: 11

Other Threads:
  0x00007920740ba820 VMThread "VM Thread"                           [id=943910, stack(0x00007920549d7000,0x0000792054ad7000) (1024K)]
  0x00007920740a8830 WatcherThread "VM Periodic Task Thread"        [id=943908, stack(0x0000792054ad8000,0x0000792054bd8000) (1024K)]
  0x0000792074056560 WorkerThread "GC Thread#0"                     [id=943903, stack(0x0000792057b26000,0x0000792057c26000) (1024K)]
  0x0000792074067340 ConcurrentGCThread "G1 Main Marker"            [id=943904, stack(0x0000792057a25000,0x0000792057b25000) (1024K)]
  0x00007920740682e0 WorkerThread "G1 Conc#0"                       [id=943905, stack(0x0000792057924000,0x0000792057a24000) (1024K)]
  0x0000792074095e10 ConcurrentGCThread "G1 Refine#0"               [id=943906, stack(0x0000792054df7000,0x0000792054ef7000) (1024K)]
  0x0000792074096dc0 ConcurrentGCThread "G1 Service"                [id=943907, stack(0x0000792054cf6000,0x0000792054df6000) (1024K)]
Total: 7

Threads with active compile tasks:
C2 CompilerThread0  124  375       4       java.io.BufferedReader::implRead (88 bytes)
C2 CompilerThread1  124  381       4       java.io.StreamTokenizer::nextToken (1266 bytes)
Total: 2

VM state: not at safepoint (normal execution)

VM Mutex/Monitor currently owned by a thread: None

Heap address: 0x0000000610800000, size: 7928 MB, Compressed Oops mode: Zero based, Oop shift amount: 3

CDS archive(s) mapped at: [0x0000791fff000000-0x0000791fffbb6000-0x0000791fffbb6000), size 12279808, SharedBaseAddress: 0x0000791fff000000, ArchiveRelocationMode: 1.
Compressed class space mapped at: 0x0000792000000000-0x0000792040000000, reserved size: 1073741824
Narrow klass base: 0x0000791fff000000, Narrow klass shift: 0, Narrow klass range: 0x100000000

GC Precious Log:
 CardTable entry size: 512
 Card Set container configuration: InlinePtr #cards 4 size 8 Array Of Cards #cards 32 size 80 Howl #buckets 8 coarsen threshold 7372 Howl Bitmap #cards 1024 size 144 coarsen threshold 921 Card regions per heap region 1 cards per card region 8192
 CPUs: 12 total, 12 available
 Memory: 31703M
 Large Page Support: Disabled
 NUMA Support: Disabled
 Compressed Oops: Enabled (Zero based)
 Heap Region Size: 4M
 Heap Min Capacity: 8M
 Heap Initial Capacity: 8M
 Heap Max Capacity: 7928M
 Pre-touch: Disabled
 Parallel Workers: 10
 Concurrent Workers: 3
 Concurrent Refinement Workers: 10
 Periodic GC: Disabled

Heap:
 garbage-first heap   total 12288K, used 1066K [0x0000000610800000, 0x0000000800000000)
  region size 4096K, 1 young (4096K), 0 survivors (0K)
 Metaspace       used 1102K, committed 1280K, reserved 1114112K
  class space    used 110K, committed 192K, reserved 1048576K

Heap Regions: E=young(eden), S=young(survivor), O=old, HS=humongous(starts), HC=humongous(continues), CS=collection set, F=free, TAMS=top-at-mark-start, PB=parsable bottom
|   0|0x0000000610800000, 0x0000000610800000, 0x0000000610c00000|  0%| F|  |TAMS 0x0000000610800000| PB 0x0000000610800000| Untracked 
|   1|0x0000000610c00000, 0x0000000610ed1738, 0x0000000611000000| 70%| E|  |TAMS 0x0000000610c00000| PB 0x0000000610c00000| Complete 
|1981|0x00000007ffc00000, 0x00000007ffd0aa80, 0x0000000800000000| 26%| O|  |TAMS 0x00000007ffc00000| PB 0x00000007ffc00000| Untracked 

Card table byte_map: [0x000079205f8c4000,0x0000792060840000] _byte_map_base: 0x000079205c840000

Marking Bits: (CMBitMap*) 0x0000792074057080
 Bits: [0x0000792057ce4000, 0x000079205f8c4000)

Polling page: 0x000079207a035000

Metaspace:

Usage:
  Non-class:    992.11 KB used.
      Class:    110.45 KB used.
       Both:      1.08 MB used.

Virtual space:
  Non-class space:       64.00 MB reserved,       1.06 MB (  2%) committed,  1 nodes.
      Class space:        1.00 GB reserved,     192.00 KB ( <1%) committed,  1 nodes.
             Both:        1.06 GB reserved,       1.25 MB ( <1%) committed. 

Chunk freelists:
   Non-Class:  11.73 MB
       Class:  15.68 MB
        Both:  27.41 MB

MaxMetaspaceSize: unlimited
CompressedClassSpaceSize: 1.00 GB
Initial GC threshold: 21.00 MB
Current GC threshold: 21.00 MB
CDS: on
 - commit_granule_bytes: 65536.
 - commit_granule_words: 8192.
 - virtual_space_node_default_size: 8388608.
 - enlarge_chunks_in_place: 1.
 - use_allocation_guard: 0.


Internal statistics:

num_allocs_failed_limit: 0.
num_arena_births: 68.
num_arena_deaths: 0.
num_vsnodes_births: 2.
num_vsnodes_deaths: 0.
num_space_committed: 20.
num_space_uncommitted: 0.
num_chunks_returned_to_freelist: 0.
num_chunks_taken_from_freelist: 94.
num_chunk_merges: 0.
num_chunk_splits: 56.
num_chunks_enlarged: 34.
num_inconsistent_stats: 0.

CodeHeap 'non-profiled nmethods': size=120028Kb used=144Kb max_used=144Kb free=119883Kb
 bounds [0x00007920698c9000, 0x0000792069b39000, 0x0000792070e00000]
CodeHeap 'profiled nmethods': size=120028Kb used=509Kb max_used=509Kb free=119518Kb
 bounds [0x0000792061e00000, 0x0000792062070000, 0x0000792069337000]
CodeHeap 'non-nmethods': size=5704Kb used=1296Kb max_used=1315Kb free=4407Kb
 bounds [0x0000792069337000, 0x00007920695a7000, 0x00007920698c9000]
 total_blobs=840 nmethods=417 adapters=329
 compilation: enabled
              stopped_count=0, restarted_count=0
 full_count=0

Compilation events (20 events):
Event: 0.112 Thread 0x00007920740d66b0 nmethod 397 0x0000792061e77310 code [0x0000792061e776c0, 0x0000792061e791b0]
Event: 0.112 Thread 0x00007920740d66b0  398   !   3       java.lang.invoke.MemberName::clone (14 bytes)
Event: 0.112 Thread 0x00007920740d66b0 nmethod 398 0x0000792061e79a90 code [0x0000792061e79c60, 0x0000792061e79fc0]
Event: 0.113 Thread 0x00007920740d66b0  399       3       jdk.internal.org.objectweb.asm.Frame::getLocal (46 bytes)
Event: 0.113 Thread 0x00007920740d66b0 nmethod 399 0x0000792061e7a110 code [0x0000792061e7a2c0, 0x0000792061e7a4c0]
Event: 0.113 Thread 0x00007920740d66b0  400       3       jdk.internal.org.objectweb.asm.ByteVector::put12 (64 bytes)
Event: 0.113 Thread 0x00007920740d66b0 nmethod 400 0x0000792061e7a590 code [0x0000792061e7a740, 0x0000792061e7a970]
Event: 0.113 Thread 0x00007920740d66b0  402       3       jdk.internal.org.objectweb.asm.Frame::pop (46 bytes)
Event: 0.114 Thread 0x00007920740d66b0 nmethod 402 0x0000792061e7ab10 code [0x0000792061e7aca0, 0x0000792061e7ae30]
Event: 0.114 Thread 0x00007920740d66b0  403       1       jdk.internal.util.ClassFileDumper::isEnabled (5 bytes)
Event: 0.114 Thread 0x00007920740d66b0 nmethod 403 0x00007920698e9110 code [0x00007920698e92a0, 0x00007920698e9368]
Event: 0.114 Thread 0x00007920740d66b0  404       3       jdk.internal.org.objectweb.asm.Frame::pop (42 bytes)
Event: 0.114 Thread 0x00007920740d66b0 nmethod 404 0x0000792061e7ae90 code [0x0000792061e7b040, 0x0000792061e7b1f0]
Event: 0.114 Thread 0x00007920740d66b0  405       3       java.lang.invoke.LambdaForm$Name::useCount (51 bytes)
Event: 0.114 Thread 0x00007920740d66b0 nmethod 405 0x0000792061e7b310 code [0x0000792061e7b4c0, 0x0000792061e7b720]
Event: 0.114 Thread 0x00007920740d66b0  407       3       java.util.ImmutableCollections$List12::get (35 bytes)
Event: 0.114 Thread 0x00007920740d66b0 nmethod 407 0x0000792061e7b810 code [0x0000792061e7b9c0, 0x0000792061e7bc50]
Event: 0.114 Thread 0x00007920740d66b0  409       3       java.lang.invoke.MemberName::getReferenceKind (12 bytes)
Event: 0.114 Thread 0x00007920740d66b0 nmethod 409 0x0000792061e7bd10 code [0x0000792061e7bea0, 0x0000792061e7bfb0]
Event: 0.114 Thread 0x00007920740d66b0  411       3       java.lang.invoke.MemberName::getMethodOrFieldType (72 bytes)

GC Heap History (0 events):
No events

Dll operation events (6 events):
Event: 0.001 Loaded shared library /home/raamnathmallya/.vscode/extensions/redhat.java-1.43.1-linux-x64/jre/21.0.7-linux-x86_64/lib/libjava.so
Event: 0.028 Loaded shared library /home/raamnathmallya/.vscode/extensions/redhat.java-1.43.1-linux-x64/jre/21.0.7-linux-x86_64/lib/libzip.so
Event: 0.037 Loaded shared library /home/raamnathmallya/.vscode/extensions/redhat.java-1.43.1-linux-x64/jre/21.0.7-linux-x86_64/lib/libnio.so
Event: 0.037 Loaded shared library /home/raamnathmallya/.vscode/extensions/redhat.java-1.43.1-linux-x64/jre/21.0.7-linux-x86_64/lib/libjimage.so
Event: 0.043 Loaded shared library /home/raamnathmallya/.vscode/extensions/redhat.java-1.43.1-linux-x64/jre/21.0.7-linux-x86_64/lib/libzip.so
Event: 0.113 Loaded shared library /home/raamnathmallya/.vscode/extensions/redhat.java-1.43.1-linux-x64/jre/21.0.7-linux-x86_64/lib/libattach.so

Deoptimization events (4 events):
Event: 0.047 Thread 0x000079207402b4a0 Uncommon trap: trap_request=0xffffff45 fr.pc=0x00007920698cc8c0 relative=0x00000000000000a0
Event: 0.047 Thread 0x000079207402b4a0 Uncommon trap: reason=unstable_if action=reinterpret pc=0x00007920698cc8c0 method=java.lang.String.hashCode()I @ 13 c2
Event: 0.047 Thread 0x000079207402b4a0 DEOPT PACKING pc=0x00007920698cc8c0 sp=0x00007920787140d0
Event: 0.047 Thread 0x000079207402b4a0 DEOPT UNPACKING pc=0x000079206938af99 sp=0x0000792078714088 mode 2

Classes loaded (20 events):
Event: 0.111 Loading class java/util/concurrent/RejectedExecutionHandler done
Event: 0.111 Loading class java/util/concurrent/ThreadPoolExecutor$AbortPolicy done
Event: 0.111 Loading class java/util/concurrent/SynchronousQueue
Event: 0.111 Loading class java/util/concurrent/BlockingQueue
Event: 0.111 Loading class java/util/concurrent/BlockingQueue done
Event: 0.111 Loading class java/util/AbstractQueue
Event: 0.111 Loading class java/util/AbstractQueue done
Event: 0.111 Loading class java/util/concurrent/SynchronousQueue done
Event: 0.111 Loading class java/util/concurrent/SynchronousQueue$Transferer
Event: 0.111 Loading class java/util/concurrent/LinkedTransferQueue
Event: 0.111 Loading class java/util/concurrent/TransferQueue
Event: 0.111 Loading class java/util/concurrent/TransferQueue done
Event: 0.112 Loading class java/util/concurrent/LinkedTransferQueue done
Event: 0.112 Loading class java/util/concurrent/SynchronousQueue$Transferer done
Event: 0.112 Loading class java/util/concurrent/LinkedTransferQueue$DualNode
Event: 0.112 Loading class java/util/concurrent/LinkedTransferQueue$DualNode done
Event: 0.112 Loading class java/lang/invoke/VarHandleInts$FieldInstanceReadWrite
Event: 0.112 Loading class java/lang/invoke/VarHandleInts$FieldInstanceReadOnly
Event: 0.112 Loading class java/lang/invoke/VarHandleInts$FieldInstanceReadOnly done
Event: 0.112 Loading class java/lang/invoke/VarHandleInts$FieldInstanceReadWrite done

Classes unloaded (0 events):
No events

Classes redefined (0 events):
No events

Internal exceptions (7 events):
Event: 0.075 Thread 0x000079207402b4a0 Exception <a 'java/lang/NoSuchMethodError'{0x0000000610df5320}: 'java.lang.Object java.lang.invoke.DirectMethodHandle$Holder.newInvokeSpecial(java.lang.Object, java.lang.Object, int)'> (0x0000000610df5320) 
thrown [src/hotspot/share/interpreter/linkResolver.cpp, line 772]
Event: 0.078 Thread 0x000079207402b4a0 Exception <a 'java/lang/NoSuchMethodError'{0x0000000610df9a88}: 'int java.lang.invoke.DirectMethodHandle$Holder.invokeSpecial(java.lang.Object, java.lang.Object, java.lang.Object, int)'> (0x0000000610df9a88) 
thrown [src/hotspot/share/interpreter/linkResolver.cpp, line 772]
Event: 0.080 Thread 0x000079207402b4a0 Exception <a 'java/lang/NoSuchMethodError'{0x0000000610e0c548}: 'java.lang.Object java.lang.invoke.DirectMethodHandle$Holder.invokeStatic(java.lang.Object, java.lang.Object, java.lang.Object, java.lang.Object, int)'> (0x0000000610e0c548) 
thrown [src/hotspot/share/interpreter/linkResolver.cpp, line 772]
Event: 0.081 Thread 0x000079207402b4a0 Exception <a 'java/lang/NoSuchMethodError'{0x0000000610e15368}: 'int java.lang.invoke.DirectMethodHandle$Holder.invokeSpecial(java.lang.Object, java.lang.Object, java.lang.Object)'> (0x0000000610e15368) 
thrown [src/hotspot/share/interpreter/linkResolver.cpp, line 772]
Event: 0.105 Thread 0x000079207402b4a0 Exception <a 'java/lang/NoSuchMethodError'{0x0000000610ea28f8}: 'java.lang.Object java.lang.invoke.DirectMethodHandle$Holder.invokeStatic(java.lang.Object, long, java.lang.Object)'> (0x0000000610ea28f8) 
thrown [src/hotspot/share/interpreter/linkResolver.cpp, line 772]
Event: 0.106 Thread 0x000079207402b4a0 Exception <a 'java/lang/NoSuchMethodError'{0x0000000610ea5e10}: 'java.lang.Object java.lang.invoke.DirectMethodHandle$Holder.invokeStaticInit(java.lang.Object, long, java.lang.Object)'> (0x0000000610ea5e10) 
thrown [src/hotspot/share/interpreter/linkResolver.cpp, line 772]
Event: 0.108 Thread 0x000079207402b4a0 Exception <a 'java/lang/NoSuchMethodError'{0x0000000610eab790}: 'java.lang.Object java.lang.invoke.DirectMethodHandle$Holder.newInvokeSpecial(java.lang.Object, long)'> (0x0000000610eab790) 
thrown [src/hotspot/share/interpreter/linkResolver.cpp, line 772]

ZGC Phase Switch (0 events):
No events

VM Operations (0 events):
No events

Memory protections (11 events):
Event: 0.001 Protecting memory [0x0000792078617000,0x000079207861b000] with protection modes 0
Event: 0.020 Protecting memory [0x000079205460a000,0x000079205460e000] with protection modes 0
Event: 0.020 Protecting memory [0x000079205450a000,0x000079205450e000] with protection modes 0
Event: 0.020 Protecting memory [0x000079205440a000,0x000079205440e000] with protection modes 0
Event: 0.020 Protecting memory [0x000079205430a000,0x000079205430e000] with protection modes 0
Event: 0.020 Protecting memory [0x000079205420a000,0x000079205420e000] with protection modes 0
Event: 0.020 Protecting memory [0x000079205410a000,0x000079205410e000] with protection modes 0
Event: 0.021 Protecting memory [0x000079205400a000,0x000079205400e000] with protection modes 0
Event: 0.036 Protecting memory [0x0000791ffef00000,0x0000791ffef04000] with protection modes 0
Event: 0.043 Protecting memory [0x0000791ffee00000,0x0000791ffee04000] with protection modes 0
Event: 0.099 Protecting memory [0x0000791ffed00000,0x0000791ffed04000] with protection modes 0

Nmethod flushes (0 events):
No events

Events (11 events):
Event: 0.012 Thread 0x000079207402b4a0 Thread added: 0x000079207402b4a0
Event: 0.020 Thread 0x000079207402b4a0 Thread added: 0x00007920740cdc30
Event: 0.020 Thread 0x000079207402b4a0 Thread added: 0x00007920740cf190
Event: 0.020 Thread 0x000079207402b4a0 Thread added: 0x00007920740d0910
Event: 0.020 Thread 0x000079207402b4a0 Thread added: 0x00007920740d1f40
Event: 0.020 Thread 0x000079207402b4a0 Thread added: 0x00007920740d34d0
Event: 0.020 Thread 0x000079207402b4a0 Thread added: 0x00007920740d5000
Event: 0.021 Thread 0x000079207402b4a0 Thread added: 0x00007920740d66b0
Event: 0.036 Thread 0x000079207402b4a0 Thread added: 0x000079207410a690
Event: 0.042 Thread 0x000079207402b4a0 Thread added: 0x0000792074114260
Event: 0.099 Thread 0x00007920740d5000 Thread added: 0x0000791fd40c7550


Dynamic libraries:
610800000-611000000 rw-p 00000000 00:00 0 
611000000-7ffc00000 ---p 00000000 00:00 0 
7ffc00000-7ffd0b000 rw-p 00bf2000 103:02 4864820                         /home/raamnathmallya/.vscode/extensions/redhat.java-1.43.1-linux-x64/jre/21.0.7-linux-x86_64/lib/server/classes.jsa
7ffd0b000-800000000 rw-p 00000000 00:00 0 
64e3cacce000-64e3caccf000 r-xp 00000000 103:02 4724361                   /home/raamnathmallya/.vscode/extensions/redhat.java-1.43.1-linux-x64/jre/21.0.7-linux-x86_64/bin/jcmd
64e3cacd0000-64e3cacd1000 r--p 00001000 103:02 4724361                   /home/raamnathmallya/.vscode/extensions/redhat.java-1.43.1-linux-x64/jre/21.0.7-linux-x86_64/bin/jcmd
64e3cacd1000-64e3cacd2000 rw-p 00002000 103:02 4724361                   /home/raamnathmallya/.vscode/extensions/redhat.java-1.43.1-linux-x64/jre/21.0.7-linux-x86_64/bin/jcmd
64e4012ac000-64e4012f2000 rw-p 00000000 00:00 0                          [heap]
791fc4000000-791fc419f000 rw-p 00000000 00:00 0 
791fc419f000-791fc8000000 ---p 00000000 00:00 0 
791fcc000000-791fcc021000 rw-p 00000000 00:00 0 
791fcc021000-791fd0000000 ---p 00000000 00:00 0 
791fd0000000-791fd0021000 rw-p 00000000 00:00 0 
791fd0021000-791fd4000000 ---p 00000000 00:00 0 
791fd4000000-791fd422d000 rw-p 00000000 00:00 0 
791fd422d000-791fd8000000 ---p 00000000 00:00 0 
791fd8000000-791fd81fa000 rw-p 00000000 00:00 0 
791fd81fa000-791fdc000000 ---p 00000000 00:00 0 
791fdc000000-791fdc021000 rw-p 00000000 00:00 0 
791fdc021000-791fe0000000 ---p 00000000 00:00 0 
791fe0000000-791fe0021000 rw-p 00000000 00:00 0 
791fe0021000-791fe4000000 ---p 00000000 00:00 0 
791fe4000000-791fe4021000 rw-p 00000000 00:00 0 
791fe4021000-791fe8000000 ---p 00000000 00:00 0 
791fe8000000-791fe8021000 rw-p 00000000 00:00 0 
791fe8021000-791fec000000 ---p 00000000 00:00 0 
791fec000000-791fec021000 rw-p 00000000 00:00 0 
791fec021000-791ff0000000 ---p 00000000 00:00 0 
791ff0000000-791ff0021000 rw-p 00000000 00:00 0 
791ff0021000-791ff4000000 ---p 00000000 00:00 0 
791ff4000000-791ff40c0000 rw-p 00000000 00:00 0 
791ff40c0000-791ff4400000 ---p 00000000 00:00 0 
791ff4400000-791ff4450000 rw-p 00000000 00:00 0 
791ff4450000-791ff8000000 ---p 00000000 00:00 0 
791ff8000000-791ff8021000 rw-p 00000000 00:00 0 
791ff8021000-791ffc000000 ---p 00000000 00:00 0 
791ffe897000-791ffed00000 rw-p 00000000 00:00 0 
791ffed00000-791ffed04000 ---p 00000000 00:00 0 
791ffed04000-791ffee00000 rw-p 00000000 00:00 0 
791ffee00000-791ffee04000 ---p 00000000 00:00 0 
791ffee04000-791ffef00000 rw-p 00000000 00:00 0 
791ffef00000-791ffef04000 ---p 00000000 00:00 0 
791ffef04000-791fff000000 rw-p 00000000 00:00 0 
791fff000000-791fffbb6000 rw-p 00001000 103:02 4864820                   /home/raamnathmallya/.vscode/extensions/redhat.java-1.43.1-linux-x64/jre/21.0.7-linux-x86_64/lib/server/classes.jsa
791fffbb6000-792000000000 ---p 00000000 00:00 0 
792000000000-792000020000 rw-p 00000000 00:00 0 
792000020000-792000040000 ---p 00000000 00:00 0 
792000040000-792000050000 rw-p 00000000 00:00 0 
792000050000-792040000000 ---p 00000000 00:00 0 
792040000000-792040021000 rw-p 00000000 00:00 0 
792040021000-792044000000 ---p 00000000 00:00 0 
792044000000-792044021000 rw-p 00000000 00:00 0 
792044021000-792048000000 ---p 00000000 00:00 0 
792048000000-792048021000 rw-p 00000000 00:00 0 
792048021000-79204c000000 ---p 00000000 00:00 0 
79204c000000-79204c021000 rw-p 00000000 00:00 0 
79204c021000-792050000000 ---p 00000000 00:00 0 
792050000000-792050021000 rw-p 00000000 00:00 0 
792050021000-792054000000 ---p 00000000 00:00 0 
79205400a000-79205400e000 ---p 00000000 00:00 0 
79205400e000-79205410a000 rw-p 00000000 00:00 0 
79205410a000-79205410e000 ---p 00000000 00:00 0 
79205410e000-79205420a000 rw-p 00000000 00:00 0 
79205420a000-79205420e000 ---p 00000000 00:00 0 
79205420e000-79205430a000 rw-p 00000000 00:00 0 
79205430a000-79205430e000 ---p 00000000 00:00 0 
79205430e000-79205440a000 rw-p 00000000 00:00 0 
79205440a000-79205440e000 ---p 00000000 00:00 0 
79205440e000-79205450a000 rw-p 00000000 00:00 0 
79205450a000-79205450e000 ---p 00000000 00:00 0 
79205450e000-79205460a000 rw-p 00000000 00:00 0 
79205460a000-79205460e000 ---p 00000000 00:00 0 
79205460e000-79205470a000 rw-p 00000000 00:00 0 
79205470a000-79205475e000 r--p 00000000 07:07 189                        /snap/code/198/usr/lib/locale/aa_DJ.utf8/LC_CTYPE
79205475e000-7920549d6000 r--p 00000000 07:07 188                        /snap/code/198/usr/lib/locale/aa_DJ.utf8/LC_COLLATE
7920549d6000-7920549d7000 ---p 00000000 00:00 0 
7920549d7000-792054ad7000 rw-p 00000000 00:00 0 
792054ad7000-792054ad8000 ---p 00000000 00:00 0 
792054ad8000-792054bd8000 rw-p 00000000 00:00 0 
792054bd8000-792054cf5000 rw-p 00000000 00:00 0 
792054cf5000-792054cf6000 ---p 00000000 00:00 0 
792054cf6000-792054df6000 rw-p 00000000 00:00 0 
792054df6000-792054df7000 ---p 00000000 00:00 0 
792054df7000-792054ef7000 rw-p 00000000 00:00 0 
792054ef7000-792057800000 rw-p 00000000 00:00 0 
792057822000-792057923000 rw-p 00000000 00:00 0 
792057923000-792057924000 ---p 00000000 00:00 0 
792057924000-792057a24000 rw-p 00000000 00:00 0 
792057a24000-792057a25000 ---p 00000000 00:00 0 
792057a25000-792057b25000 rw-p 00000000 00:00 0 
792057b25000-792057b26000 ---p 00000000 00:00 0 
792057b26000-792057c26000 rw-p 00000000 00:00 0 
792057c26000-792057d04000 rw-p 00000000 00:00 0 
792057d04000-79205f8b4000 ---p 00000000 00:00 0 
79205f8b4000-79205f8c8000 rw-p 00000000 00:00 0 
79205f8c8000-79206083e000 ---p 00000000 00:00 0 
79206083e000-792060844000 rw-p 00000000 00:00 0 
792060844000-7920617ba000 ---p 00000000 00:00 0 
7920617ba000-792061e00000 rw-p 00000000 00:00 0 
792061e00000-792062070000 rwxp 00000000 00:00 0 
792062070000-792069337000 ---p 00000000 00:00 0 
792069337000-7920695a7000 rwxp 00000000 00:00 0 
7920695a7000-7920698c9000 ---p 00000000 00:00 0 
7920698c9000-792069b39000 rwxp 00000000 00:00 0 
792069b39000-792070e00000 ---p 00000000 00:00 0 
792070e00000-792073fce000 r--s 00000000 103:02 4864810                   /home/raamnathmallya/.vscode/extensions/redhat.java-1.43.1-linux-x64/jre/21.0.7-linux-x86_64/lib/modules
792074000000-7920741cf000 rw-p 00000000 00:00 0 
7920741cf000-792078000000 ---p 00000000 00:00 0 
79207801f000-792078027000 r--s 00000000 103:02 30015494                  /tmp/hsperfdata_raamnathmallya/927527
792078027000-79207803b000 r-xp 00000000 103:02 4864801                   /home/raamnathmallya/.vscode/extensions/redhat.java-1.43.1-linux-x64/jre/21.0.7-linux-x86_64/lib/libnio.so
79207803b000-79207803c000 r--p 00013000 103:02 4864801                   /home/raamnathmallya/.vscode/extensions/redhat.java-1.43.1-linux-x64/jre/21.0.7-linux-x86_64/lib/libnio.so
79207803c000-79207803d000 rw-p 00014000 103:02 4864801                   /home/raamnathmallya/.vscode/extensions/redhat.java-1.43.1-linux-x64/jre/21.0.7-linux-x86_64/lib/libnio.so
79207803d000-792078446000 rw-p 00000000 00:00 0 
792078446000-79207852c000 ---p 00000000 00:00 0 
79207852c000-792078531000 rw-p 00000000 00:00 0 
792078531000-792078617000 ---p 00000000 00:00 0 
792078617000-79207861b000 ---p 00000000 00:00 0 
79207861b000-792078717000 rw-p 00000000 00:00 0 
792078717000-792078727000 r--p 00000000 103:02 27278799                  /usr/lib/x86_64-linux-gnu/libm.so.6
792078727000-7920787a6000 r-xp 00010000 103:02 27278799                  /usr/lib/x86_64-linux-gnu/libm.so.6
7920787a6000-7920787fe000 r--p 0008f000 103:02 27278799                  /usr/lib/x86_64-linux-gnu/libm.so.6
7920787fe000-7920787ff000 r--p 000e7000 103:02 27278799                  /usr/lib/x86_64-linux-gnu/libm.so.6
7920787ff000-792078800000 rw-p 000e8000 103:02 27278799                  /usr/lib/x86_64-linux-gnu/libm.so.6
792078800000-792079c0f000 r-xp 00000000 103:02 4864822                   /home/raamnathmallya/.vscode/extensions/redhat.java-1.43.1-linux-x64/jre/21.0.7-linux-x86_64/lib/server/libjvm.so
792079c0f000-792079c10000 ---p 0140f000 103:02 4864822                   /home/raamnathmallya/.vscode/extensions/redhat.java-1.43.1-linux-x64/jre/21.0.7-linux-x86_64/lib/server/libjvm.so
792079c10000-792079ce4000 r--p 0140f000 103:02 4864822                   /home/raamnathmallya/.vscode/extensions/redhat.java-1.43.1-linux-x64/jre/21.0.7-linux-x86_64/lib/server/libjvm.so
792079ce4000-792079d14000 rw-p 014e3000 103:02 4864822                   /home/raamnathmallya/.vscode/extensions/redhat.java-1.43.1-linux-x64/jre/21.0.7-linux-x86_64/lib/server/libjvm.so
792079d14000-792079d7a000 rw-p 00000000 00:00 0 
792079d7b000-792079d7d000 r-xp 00000000 103:02 4864773                   /home/raamnathmallya/.vscode/extensions/redhat.java-1.43.1-linux-x64/jre/21.0.7-linux-x86_64/lib/libattach.so
792079d7d000-792079d7e000 r--p 00001000 103:02 4864773                   /home/raamnathmallya/.vscode/extensions/redhat.java-1.43.1-linux-x64/jre/21.0.7-linux-x86_64/lib/libattach.so
792079d7e000-792079d7f000 rw-p 00002000 103:02 4864773                   /home/raamnathmallya/.vscode/extensions/redhat.java-1.43.1-linux-x64/jre/21.0.7-linux-x86_64/lib/libattach.so
792079d7f000-792079d8b000 r-xp 00000000 103:02 4864800                   /home/raamnathmallya/.vscode/extensions/redhat.java-1.43.1-linux-x64/jre/21.0.7-linux-x86_64/lib/libnet.so
792079d8b000-792079d8c000 r--p 0000b000 103:02 4864800                   /home/raamnathmallya/.vscode/extensions/redhat.java-1.43.1-linux-x64/jre/21.0.7-linux-x86_64/lib/libnet.so
792079d8c000-792079d8d000 rw-p 0000c000 103:02 4864800                   /home/raamnathmallya/.vscode/extensions/redhat.java-1.43.1-linux-x64/jre/21.0.7-linux-x86_64/lib/libnet.so
792079d8d000-792079da8000 r-xp 00000000 103:02 4864809                   /home/raamnathmallya/.vscode/extensions/redhat.java-1.43.1-linux-x64/jre/21.0.7-linux-x86_64/lib/libzip.so
792079da8000-792079da9000 r--p 0001a000 103:02 4864809                   /home/raamnathmallya/.vscode/extensions/redhat.java-1.43.1-linux-x64/jre/21.0.7-linux-x86_64/lib/libzip.so
792079da9000-792079daa000 rw-p 0001b000 103:02 4864809                   /home/raamnathmallya/.vscode/extensions/redhat.java-1.43.1-linux-x64/jre/21.0.7-linux-x86_64/lib/libzip.so
792079daa000-792079dab000 r--p 00000000 07:07 238                        /snap/code/198/usr/lib/locale/aa_ET/LC_NUMERIC
792079dab000-792079dac000 r--p 00000000 07:07 2383                       /snap/code/198/usr/lib/locale/en_US.utf8/LC_TIME
792079dac000-792079db1000 rw-p 00000000 00:00 0 
792079db1000-792079db8000 ---p 00000000 00:00 0 
792079db8000-792079dd8000 r-xp 00000000 103:02 4864786                   /home/raamnathmallya/.vscode/extensions/redhat.java-1.43.1-linux-x64/jre/21.0.7-linux-x86_64/lib/libjava.so
792079dd8000-792079dd9000 ---p 00020000 103:02 4864786                   /home/raamnathmallya/.vscode/extensions/redhat.java-1.43.1-linux-x64/jre/21.0.7-linux-x86_64/lib/libjava.so
792079dd9000-792079dda000 r--p 00020000 103:02 4864786                   /home/raamnathmallya/.vscode/extensions/redhat.java-1.43.1-linux-x64/jre/21.0.7-linux-x86_64/lib/libjava.so
792079dda000-792079ddb000 rw-p 00021000 103:02 4864786                   /home/raamnathmallya/.vscode/extensions/redhat.java-1.43.1-linux-x64/jre/21.0.7-linux-x86_64/lib/libjava.so
792079ddb000-792079ddc000 rw-p 00000000 00:00 0 
792079ddc000-792079df7000 r-xp 00000000 103:02 4864790                   /home/raamnathmallya/.vscode/extensions/redhat.java-1.43.1-linux-x64/jre/21.0.7-linux-x86_64/lib/libjimage.so
792079df7000-792079df8000 ---p 0001b000 103:02 4864790                   /home/raamnathmallya/.vscode/extensions/redhat.java-1.43.1-linux-x64/jre/21.0.7-linux-x86_64/lib/libjimage.so
792079df8000-792079dfa000 r--p 0001b000 103:02 4864790                   /home/raamnathmallya/.vscode/extensions/redhat.java-1.43.1-linux-x64/jre/21.0.7-linux-x86_64/lib/libjimage.so
792079dfa000-792079dfb000 rw-p 0001d000 103:02 4864790                   /home/raamnathmallya/.vscode/extensions/redhat.java-1.43.1-linux-x64/jre/21.0.7-linux-x86_64/lib/libjimage.so
792079dfb000-792079dfc000 r--p 00000000 103:02 27278989                  /usr/lib/x86_64-linux-gnu/librt.so.1
792079dfc000-792079dfd000 r-xp 00001000 103:02 27278989                  /usr/lib/x86_64-linux-gnu/librt.so.1
792079dfd000-792079dfe000 r--p 00002000 103:02 27278989                  /usr/lib/x86_64-linux-gnu/librt.so.1
792079dfe000-792079dff000 r--p 00002000 103:02 27278989                  /usr/lib/x86_64-linux-gnu/librt.so.1
792079dff000-792079e00000 rw-p 00003000 103:02 27278989                  /usr/lib/x86_64-linux-gnu/librt.so.1
792079e00000-792079e28000 r--p 00000000 103:02 27278455                  /usr/lib/x86_64-linux-gnu/libc.so.6
792079e28000-792079fb0000 r-xp 00028000 103:02 27278455                  /usr/lib/x86_64-linux-gnu/libc.so.6
792079fb0000-792079fff000 r--p 001b0000 103:02 27278455                  /usr/lib/x86_64-linux-gnu/libc.so.6
792079fff000-79207a003000 r--p 001fe000 103:02 27278455                  /usr/lib/x86_64-linux-gnu/libc.so.6
79207a003000-79207a005000 rw-p 00202000 103:02 27278455                  /usr/lib/x86_64-linux-gnu/libc.so.6
79207a005000-79207a012000 rw-p 00000000 00:00 0 
79207a012000-79207a013000 r--p 00000000 07:07 1426                       /snap/code/198/usr/lib/locale/chr_US/LC_MONETARY
79207a013000-79207a014000 r--p 00000000 07:07 1957                       /snap/code/198/usr/lib/locale/en_AG/LC_MESSAGES/SYS_LC_MESSAGES
79207a014000-79207a015000 r--p 00000000 07:07 1429                       /snap/code/198/usr/lib/locale/chr_US/LC_PAPER
79207a015000-79207a016000 r--p 00000000 07:07 1105                       /snap/code/198/usr/lib/locale/bi_VU/LC_NAME
79207a016000-79207a018000 rw-p 00000000 00:00 0 
79207a018000-79207a019000 r--p 00000000 103:02 27278521                  /usr/lib/x86_64-linux-gnu/libdl.so.2
79207a019000-79207a01a000 r-xp 00001000 103:02 27278521                  /usr/lib/x86_64-linux-gnu/libdl.so.2
79207a01a000-79207a01b000 r--p 00002000 103:02 27278521                  /usr/lib/x86_64-linux-gnu/libdl.so.2
79207a01b000-79207a01c000 r--p 00002000 103:02 27278521                  /usr/lib/x86_64-linux-gnu/libdl.so.2
79207a01c000-79207a01d000 rw-p 00003000 103:02 27278521                  /usr/lib/x86_64-linux-gnu/libdl.so.2
79207a01d000-79207a01e000 r--p 00000000 103:02 27278961                  /usr/lib/x86_64-linux-gnu/libpthread.so.0
79207a01e000-79207a01f000 r-xp 00001000 103:02 27278961                  /usr/lib/x86_64-linux-gnu/libpthread.so.0
79207a01f000-79207a020000 r--p 00002000 103:02 27278961                  /usr/lib/x86_64-linux-gnu/libpthread.so.0
79207a020000-79207a021000 r--p 00002000 103:02 27278961                  /usr/lib/x86_64-linux-gnu/libpthread.so.0
79207a021000-79207a022000 rw-p 00003000 103:02 27278961                  /usr/lib/x86_64-linux-gnu/libpthread.so.0
79207a022000-79207a023000 r--p 00000000 07:07 2371                       /snap/code/198/usr/lib/locale/en_US.utf8/LC_ADDRESS
79207a023000-79207a024000 r--p 00000000 07:07 1430                       /snap/code/198/usr/lib/locale/chr_US/LC_TELEPHONE
79207a024000-79207a025000 r--p 00000000 07:07 1423                       /snap/code/198/usr/lib/locale/chr_US/LC_MEASUREMENT
79207a025000-79207a02c000 r--s 00000000 103:02 27280210                  /usr/lib/x86_64-linux-gnu/gconv/gconv-modules.cache
79207a02c000-79207a02d000 r--p 00000000 07:07 2374                       /snap/code/198/usr/lib/locale/en_US.utf8/LC_IDENTIFICATION
79207a02d000-79207a035000 rw-s 00000000 103:02 30015493                  /tmp/hsperfdata_raamnathmallya/943901
79207a035000-79207a036000 ---p 00000000 00:00 0 
79207a036000-79207a037000 r--p 00000000 00:00 0 
79207a037000-79207a038000 ---p 00000000 00:00 0 
79207a038000-79207a051000 r-xp 00000000 103:02 4864791                   /home/raamnathmallya/.vscode/extensions/redhat.java-1.43.1-linux-x64/jre/21.0.7-linux-x86_64/lib/libjli.so
79207a051000-79207a052000 r--p 00018000 103:02 4864791                   /home/raamnathmallya/.vscode/extensions/redhat.java-1.43.1-linux-x64/jre/21.0.7-linux-x86_64/lib/libjli.so
79207a052000-79207a053000 rw-p 00019000 103:02 4864791                   /home/raamnathmallya/.vscode/extensions/redhat.java-1.43.1-linux-x64/jre/21.0.7-linux-x86_64/lib/libjli.so
79207a053000-79207a055000 rw-p 00000000 00:00 0 
79207a055000-79207a059000 r--p 00000000 00:00 0                          [vvar]
79207a059000-79207a05b000 r-xp 00000000 00:00 0                          [vdso]
79207a05b000-79207a05c000 r--p 00000000 103:02 27278267                  /usr/lib/x86_64-linux-gnu/ld-linux-x86-64.so.2
79207a05c000-79207a087000 r-xp 00001000 103:02 27278267                  /usr/lib/x86_64-linux-gnu/ld-linux-x86-64.so.2
79207a087000-79207a091000 r--p 0002c000 103:02 27278267                  /usr/lib/x86_64-linux-gnu/ld-linux-x86-64.so.2
79207a091000-79207a093000 r--p 00036000 103:02 27278267                  /usr/lib/x86_64-linux-gnu/ld-linux-x86-64.so.2
79207a093000-79207a095000 rw-p 00038000 103:02 27278267                  /usr/lib/x86_64-linux-gnu/ld-linux-x86-64.so.2
7ffe2736a000-7ffe2738c000 rw-p 00000000 00:00 0                          [stack]
ffffffffff600000-ffffffffff601000 --xp 00000000 00:00 0                  [vsyscall]
Total number of mappings: 198


VM Arguments:
jvm_args: -Dapplication.home=/home/raamnathmallya/.vscode/extensions/redhat.java-1.43.1-linux-x64/jre/21.0.7-linux-x86_64 -Xms8m -Djdk.module.main=jdk.jcmd 
java_command: jdk.jcmd/sun.tools.jcmd.JCmd 927527 VM.uptime
java_class_path (initial): <not set>
Launcher Type: SUN_STANDARD

[Global flags]
     intx CICompilerCount                          = 4                                         {product} {ergonomic}
     uint ConcGCThreads                            = 3                                         {product} {ergonomic}
     uint G1ConcRefinementThreads                  = 10                                        {product} {ergonomic}
   size_t G1HeapRegionSize                         = 4194304                                   {product} {ergonomic}
    uintx GCDrainStackTargetSize                   = 64                                        {product} {ergonomic}
   size_t InitialHeapSize                          = 8388608                                   {product} {command line}
   size_t MarkStackSize                            = 4194304                                   {product} {ergonomic}
   size_t MaxHeapSize                              = 8313110528                                {product} {ergonomic}
   size_t MaxNewSize                               = 4987027456                                {product} {ergonomic}
   size_t MinHeapDeltaBytes                        = 4194304                                   {product} {ergonomic}
   size_t MinHeapSize                              = 8388608                                   {product} {command line}
    uintx NonNMethodCodeHeapSize                   = 5839372                                {pd product} {ergonomic}
    uintx NonProfiledCodeHeapSize                  = 122909434                              {pd product} {ergonomic}
    uintx ProfiledCodeHeapSize                     = 122909434                              {pd product} {ergonomic}
    uintx ReservedCodeCacheSize                    = 251658240                              {pd product} {ergonomic}
     bool SegmentedCodeCache                       = true                                      {product} {ergonomic}
   size_t SoftMaxHeapSize                          = 8313110528                             {manageable} {ergonomic}
     bool UseCompressedOops                        = true                           {product lp64_product} {ergonomic}
     bool UseG1GC                                  = true                                      {product} {ergonomic}

Logging:
Log output configuration:
 #0: stdout all=warning uptime,level,tags foldmultilines=false
 #1: stderr all=off uptime,level,tags foldmultilines=false

Environment Variables:
JAVA_HOME=/usr/lib/jvm/java-17-openjdk-amd64
PATH=/usr/local/nodejs/bin:/usr/local/sbin:/usr/local/bin:/usr/sbin:/usr/bin:/sbin:/bin:/usr/games:/usr/local/games:/snap/bin:/snap/bin
USERNAME=raamnathmallya
SHELL=/bin/bash
DISPLAY=:1
LANG=en_US.UTF-8
TERM=xterm-256color

Active Locale:
LC_ALL=en_US.UTF-8
LC_COLLATE=en_US.UTF-8
LC_CTYPE=en_US.UTF-8
LC_MESSAGES=en_US.UTF-8
LC_MONETARY=en_US.UTF-8
LC_NUMERIC=en_US.UTF-8
LC_TIME=en_US.UTF-8

Signal Handlers:
   SIGSEGV: crash_handler in libjvm.so, mask=11100100010111111101111111111110, flags=SA_RESTART|SA_SIGINFO, unblocked
    SIGBUS: crash_handler in libjvm.so, mask=11100100010111111101111111111110, flags=SA_RESTART|SA_SIGINFO, unblocked
    SIGFPE: crash_handler in libjvm.so, mask=11100100010111111101111111111110, flags=SA_RESTART|SA_SIGINFO, unblocked
   SIGPIPE: javaSignalHandler in libjvm.so, mask=11100100010111111101111111111110, flags=SA_RESTART|SA_SIGINFO, blocked
   SIGXFSZ: javaSignalHandler in libjvm.so, mask=11100100010111111101111111111110, flags=SA_RESTART|SA_SIGINFO, blocked
    SIGILL: crash_handler in libjvm.so, mask=11100100010111111101111111111110, flags=SA_RESTART|SA_SIGINFO, unblocked
   SIGUSR2: SR_handler in libjvm.so, mask=00000000000000000000000000000000, flags=SA_RESTART|SA_SIGINFO, blocked
    SIGHUP: UserHandler in libjvm.so, mask=11100100010111111101111111111110, flags=SA_RESTART|SA_SIGINFO, blocked
    SIGINT: UserHandler in libjvm.so, mask=11100100010111111101111111111110, flags=SA_RESTART|SA_SIGINFO, blocked
   SIGTERM: UserHandler in libjvm.so, mask=11100100010111111101111111111110, flags=SA_RESTART|SA_SIGINFO, blocked
   SIGQUIT: UserHandler in libjvm.so, mask=11100100010111111101111111111110, flags=SA_RESTART|SA_SIGINFO, blocked
   SIGTRAP: crash_handler in libjvm.so, mask=11100100010111111101111111111110, flags=SA_RESTART|SA_SIGINFO, unblocked


Periodic native trim disabled

---------------  S Y S T E M  ---------------

OS:
DISTRIB_ID=Ubuntu
DISTRIB_RELEASE=24.04
DISTRIB_CODENAME=noble
DISTRIB_DESCRIPTION="Ubuntu 24.04.2 LTS"
uname: Linux 6.11.0-29-generic #29~24.04.1-Ubuntu SMP PREEMPT_DYNAMIC Thu Jun 26 14:16:59 UTC 2 x86_64
OS uptime: 1 days 6:45 hours
libc: glibc 2.39 NPTL 2.39 
rlimit (soft/hard): STACK 8192k/infinity , CORE 0k/infinity , NPROC 126105/126105 , NOFILE 1048576/1048576 , AS infinity/infinity , CPU infinity/infinity , DATA infinity/infinity , FSIZE infinity/infinity , MEMLOCK 4057988k/4057988k
load average: 4.59 3.37 3.05

/proc/meminfo:
MemTotal:       32463908 kB
MemFree:        10932316 kB
MemAvailable:   22946280 kB
Buffers:          684208 kB
Cached:         12521084 kB
SwapCached:            0 kB
Active:          9754092 kB
Inactive:        9178220 kB
Active(anon):    7025192 kB
Inactive(anon):        0 kB
Active(file):    2728900 kB
Inactive(file):  9178220 kB
Unevictable:     1027356 kB
Mlocked:             136 kB
SwapTotal:       8388604 kB
SwapFree:        8388604 kB
Zswap:                 0 kB
Zswapped:              0 kB
Dirty:             35984 kB
Writeback:             0 kB
AnonPages:       6755544 kB
Mapped:          1839312 kB
Shmem:           1297872 kB
KReclaimable:     574840 kB
Slab:            1024468 kB
SReclaimable:     574840 kB
SUnreclaim:       449628 kB
KernelStack:       34004 kB
PageTables:        99492 kB
SecPageTables:      8040 kB
NFS_Unstable:          0 kB
Bounce:                0 kB
WritebackTmp:          0 kB
CommitLimit:    24620556 kB
Committed_AS:   42736460 kB
VmallocTotal:   34359738367 kB
VmallocUsed:      178700 kB
VmallocChunk:          0 kB
Percpu:            18384 kB
HardwareCorrupted:     0 kB
AnonHugePages:         0 kB
ShmemHugePages:   927744 kB
ShmemPmdMapped:        0 kB
FileHugePages:         0 kB
FilePmdMapped:         0 kB
Unaccepted:            0 kB
HugePages_Total:       0
HugePages_Free:        0
HugePages_Rsvd:        0
HugePages_Surp:        0
Hugepagesize:       2048 kB
Hugetlb:               0 kB
DirectMap4k:      878116 kB
DirectMap2M:    17594368 kB
DirectMap1G:    14680064 kB

/sys/kernel/mm/transparent_hugepage/enabled: always [madvise] never
/sys/kernel/mm/transparent_hugepage/hpage_pmd_size: 2097152
/sys/kernel/mm/transparent_hugepage/defrag (defrag/compaction efforts parameter): always defer defer+madvise [madvise] never

Process Memory:
Virtual Size: 10993580K (peak: 11054584K)
Resident Set Size: 55776K (peak: 56908K) (anon: 31088K, file: 24688K, shmem: 0K)
Swapped out: 0K
C-Heap outstanding allocations: 34729K, retained: 2354K
glibc malloc tunables: (default)

/proc/sys/kernel/threads-max (system-wide limit on the number of threads): 252211
/proc/sys/vm/max_map_count (maximum number of memory map areas a process may have): 1048576
/proc/sys/vm/swappiness (control to define how aggressively the kernel swaps out anonymous memory): 60
/proc/sys/kernel/pid_max (system-wide limit on number of process identifiers): 4194304

container (cgroup) information:
container_type: cgroupv2
cpu_cpuset_cpus: not supported
cpu_memory_nodes: not supported
active_processor_count: 12
cpu_quota: not supported
cpu_period: not supported
cpu_shares: not supported
memory_limit_in_bytes: unlimited
memory_and_swap_limit_in_bytes: unlimited
memory_soft_limit_in_bytes: unlimited
memory_usage_in_bytes: 1970964 k
memory_max_usage_in_bytes: not supported
memory_swap_current_in_bytes: unlimited
memory_swap_max_limit_in_bytes: unlimited
maximum number of tasks: 37831
current number of tasks: 234

Steal ticks since vm start: 0
Steal ticks percentage since vm start:  0.000

CPU: total 12 (initial active 12) (6 cores per cpu, 2 threads per core) family 6 model 158 stepping 13 microcode 0x104, cx8, cmov, fxsr, ht, mmx, 3dnowpref, sse, sse2, sse3, ssse3, sse4.1, sse4.2, popcnt, lzcnt, tsc, tscinvbit, avx, avx2, aes, erms, clmul, bmi1, bmi2, rtm, adx, fma, vzeroupper, clflush, clflushopt, rdtscp, f16c
CPU Model and flags from /proc/cpuinfo:
model name	: Intel(R) Core(TM) i7-9850H CPU @ 2.60GHz
flags		: fpu vme de pse tsc msr pae mce cx8 apic sep mtrr pge mca cmov pat pse36 clflush dts acpi mmx fxsr sse sse2 ss ht tm pbe syscall nx pdpe1gb rdtscp lm constant_tsc art arch_perfmon pebs bts rep_good nopl xtopology nonstop_tsc cpuid aperfmperf pni pclmulqdq dtes64 monitor ds_cpl vmx smx est tm2 ssse3 sdbg fma cx16 xtpr pdcm pcid sse4_1 sse4_2 x2apic movbe popcnt tsc_deadline_timer aes xsave avx f16c rdrand lahf_lm abm 3dnowprefetch cpuid_fault epb ssbd ibrs ibpb stibp ibrs_enhanced tpr_shadow flexpriority ept vpid ept_ad fsgsbase tsc_adjust sgx bmi1 avx2 smep bmi2 erms invpcid mpx rdseed adx smap clflushopt intel_pt xsaveopt xsavec xgetbv1 xsaves dtherm ida arat pln pts hwp hwp_notify hwp_act_window hwp_epp vnmi sgx_lc md_clear flush_l1d arch_capabilities

Online cpus: 0-11
Offline cpus: 
BIOS frequency limitation: <Not Available>
Frequency switch latency (ns): 0
Available cpu frequencies: <Not Available>
Current governor: powersave
Core performance/turbo boost: <Not Available>

Memory: 4k page, physical 32463908k(22946280k free), swap 8388604k(8388604k free)
Page Sizes: 4k

vm_info: OpenJDK 64-Bit Server VM (21.0.7+6-LTS) for linux-amd64 JRE (21.0.7+6-LTS), built on 2025-04-15T00:00:00Z by "admin" with gcc 11.3.0

END.
